Using pre-set license
Built from '2020.3/staging' branch; Version is '2020.3.17f1 (a4537701e4ab) revision 10769271'; Using compiler version '192528614'; Build Type 'Release'
OS: 'Windows 10 Home Single Language; OS build 19043.1165; Version 2009; 64bit' Language: 'en' Physical Memory: 16303 MB
BatchMode: 1, IsHumanControllingUs: 0, StartBugReporterOnCrash: 0, Is64bit: 1, IsPro: 0

COMMAND LINE ARGUMENTS:
C:\Program Files\Unity\Hub\Editor\2020.3.17f1\Editor\Unity.exe
-adb2
-batchMode
-noUpm
-name
AssetImportWorker0
-projectPath
D:/Desktop/St. Lawrence/Semesters/Fall 2021/Game Engines 2/Lab1 BobbleheadWars VRM
-logFile
Logs/AssetImportWorker0.log
-srvPort
63062
Successfully changed project path to: D:/Desktop/St. Lawrence/Semesters/Fall 2021/Game Engines 2/Lab1 BobbleheadWars VRM
D:/Desktop/St. Lawrence/Semesters/Fall 2021/Game Engines 2/Lab1 BobbleheadWars VRM
Using Asset Import Pipeline V2.
Refreshing native plugins compatible for Editor in 51.57 ms, found 2 plugins.
Preloading 0 native plugins for Editor in 0.00 ms.
Initialize engine version: 2020.3.17f1 (a4537701e4ab)
[Subsystems] Discovering subsystems at path C:/Program Files/Unity/Hub/Editor/2020.3.17f1/Editor/Data/Resources/UnitySubsystems
[Subsystems] Discovering subsystems at path D:/Desktop/St. Lawrence/Semesters/Fall 2021/Game Engines 2/Lab1 BobbleheadWars VRM/Assets
GfxDevice: creating device client; threaded=0
Direct3D:
    Version:  Direct3D 11.0 [level 11.1]
    Renderer: NVIDIA GeForce RTX 2060 (ID=0x1f51)
    Vendor:   
    VRAM:     5980 MB
    Driver:   27.21.14.5655
Initialize mono
Mono path[0] = 'C:/Program Files/Unity/Hub/Editor/2020.3.17f1/Editor/Data/Managed'
Mono path[1] = 'C:/Program Files/Unity/Hub/Editor/2020.3.17f1/Editor/Data/MonoBleedingEdge/lib/mono/unityjit'
Mono config path = 'C:/Program Files/Unity/Hub/Editor/2020.3.17f1/Editor/Data/MonoBleedingEdge/etc'
Using monoOptions --debugger-agent=transport=dt_socket,embedding=1,server=y,suspend=n,address=127.0.0.1:56284
Begin MonoManager ReloadAssembly
Registering precompiled unity dll's ...
Register platform support module: C:/Program Files/Unity/Hub/Editor/2020.3.17f1/Editor/Data/PlaybackEngines/WindowsStandaloneSupport/UnityEditor.WindowsStandalone.Extensions.dll
Registered in 0.001834 seconds.
Native extension for WindowsStandalone target not found
Refreshing native plugins compatible for Editor in 42.37 ms, found 2 plugins.
Preloading 0 native plugins for Editor in 0.00 ms.
Mono: successfully reloaded assembly
- Completed reload, in  1.932 seconds
Domain Reload Profiling:
	ReloadAssembly (1932ms)
		BeginReloadAssembly (53ms)
			ExecutionOrderSort (0ms)
			DisableScriptedObjects (0ms)
			BackupInstance (0ms)
			ReleaseScriptingObjects (0ms)
			CreateAndSetChildDomain (1ms)
		EndReloadAssembly (431ms)
			LoadAssemblies (51ms)
			RebuildTransferFunctionScriptingTraits (0ms)
			SetupTypeCache (157ms)
			ReleaseScriptCaches (0ms)
			RebuildScriptCaches (31ms)
			SetupLoadedEditorAssemblies (165ms)
				LogAssemblyErrors (0ms)
				InitializePlatformSupportModulesInManaged (4ms)
				SetLoadedEditorAssemblies (0ms)
				RefreshPlugins (42ms)
				BeforeProcessingInitializeOnLoad (16ms)
				ProcessInitializeOnLoadAttributes (76ms)
				ProcessInitializeOnLoadMethodAttributes (27ms)
				AfterProcessingInitializeOnLoad (0ms)
				EditorAssembliesLoaded (0ms)
			ExecutionOrderSort2 (0ms)
			AwakeInstancesAfterBackupRestoration (0ms)
Platform modules already initialized, skipping
Registering precompiled user dll's ...
Registered in 0.003704 seconds.
Begin MonoManager ReloadAssembly
Native extension for WindowsStandalone target not found
Refreshing native plugins compatible for Editor in 0.61 ms, found 2 plugins.
Preloading 0 native plugins for Editor in 0.00 ms.
Mono: successfully reloaded assembly
- Completed reload, in  1.170 seconds
Domain Reload Profiling:
	ReloadAssembly (1171ms)
		BeginReloadAssembly (143ms)
			ExecutionOrderSort (0ms)
			DisableScriptedObjects (4ms)
			BackupInstance (0ms)
			ReleaseScriptingObjects (0ms)
			CreateAndSetChildDomain (19ms)
		EndReloadAssembly (965ms)
			LoadAssemblies (88ms)
			RebuildTransferFunctionScriptingTraits (0ms)
			SetupTypeCache (292ms)
			ReleaseScriptCaches (0ms)
			RebuildScriptCaches (45ms)
			SetupLoadedEditorAssemblies (448ms)
				LogAssemblyErrors (0ms)
				InitializePlatformSupportModulesInManaged (6ms)
				SetLoadedEditorAssemblies (0ms)
				RefreshPlugins (1ms)
				BeforeProcessingInitializeOnLoad (90ms)
				ProcessInitializeOnLoadAttributes (311ms)
				ProcessInitializeOnLoadMethodAttributes (35ms)
				AfterProcessingInitializeOnLoad (6ms)
				EditorAssembliesLoaded (0ms)
			ExecutionOrderSort2 (0ms)
			AwakeInstancesAfterBackupRestoration (6ms)
Platform modules already initialized, skipping
========================================================================
Worker process is ready to serve import requests
Launched and connected shader compiler UnityShaderCompiler.exe after 0.08 seconds
Refreshing native plugins compatible for Editor in 0.58 ms, found 2 plugins.
Preloading 0 native plugins for Editor in 0.00 ms.
Unloading 1965 Unused Serialized files (Serialized files now loaded: 0)
System memory in use before: 81.5 MB.
System memory in use after: 81.6 MB.

Unloading 58 unused Assets to reduce memory usage. Loaded Objects now: 2369.
Total: 6.661300 ms (FindLiveObjects: 0.264900 ms CreateObjectMapping: 0.075200 ms MarkObjects: 6.240600 ms  DeleteObjects: 0.079200 ms)

AssetImportParameters requested are different than current active one (requested -> active):
  custom:framework-win-MediaFoundation: 216162199b28c13a410421893ffa2e32 -> 
  custom:video-decoder-ogg-theora: a1e56fd34408186e4bbccfd4996cb3dc -> 
  custom:container-muxer-webm: aa71ff27fc2769a1b78a27578f13a17b -> 
  custom:container-demuxer-webm: 4f35f7cbe854078d1ac9338744f61a02 -> 
  custom:container-demuxer-ogg: 62fdf1f143b41e24485cea50d1cbac27 -> 
  custom:video-encoder-webm-vp8: eb34c28f22e8b96e1ab97ce403110664 -> 
  custom:video-decoder-webm-vp8: 9c59270c3fd7afecdb556c50c9e8de78 -> 
  custom:audio-decoder-ogg-vorbis: bf7c407c2cedff20999df2af8eb42d56 -> 
  custom:audio-encoder-webm-vorbis: bf7c407c2cedff20999df2af8eb42d56 -> 
========================================================================
Received Import Request.
  path: Assets
  artifactKey: Guid(00000000000000001000000000000000) Importer(815301076,1909f56bfc062723c751e8b465ee728b)
Start importing Assets using Guid(00000000000000001000000000000000) Importer(815301076,1909f56bfc062723c751e8b465ee728b)  -> (artifact id: '42d402b061de3733987d63b9cc3b64de') in 0.008516 seconds 
  Import took 0.011738 seconds .

========================================================================
Received Import Request.
  Time since last request: 5.561034 seconds.
  path: Assets/Models
  artifactKey: Guid(56533ff1914be964f96b7918df1648dc) Importer(815301076,1909f56bfc062723c751e8b465ee728b)
Start importing Assets/Models using Guid(56533ff1914be964f96b7918df1648dc) Importer(815301076,1909f56bfc062723c751e8b465ee728b)  -> (artifact id: '5fe173e4b22a66a79efc5a129d309d5a') in 0.005321 seconds 
  Import took 0.026665 seconds .

========================================================================
Received Import Request.
  Time since last request: 15.584712 seconds.
  path: Assets/Animations
  artifactKey: Guid(4f0819aaefa0a854d92d145f817bae3c) Importer(815301076,1909f56bfc062723c751e8b465ee728b)
Start importing Assets/Animations using Guid(4f0819aaefa0a854d92d145f817bae3c) Importer(815301076,1909f56bfc062723c751e8b465ee728b)  -> (artifact id: 'f2aad04b494d4feec0b6546e08d173cd') in 0.006919 seconds 
  Import took 0.010126 seconds .

========================================================================
Received Import Request.
  Time since last request: 12.370193 seconds.
  path: Assets/Materials
  artifactKey: Guid(142f59a96980c4046924e27a23610657) Importer(815301076,1909f56bfc062723c751e8b465ee728b)
Start importing Assets/Materials using Guid(142f59a96980c4046924e27a23610657) Importer(815301076,1909f56bfc062723c751e8b465ee728b)  -> (artifact id: 'd347167ed3d414b0b24f47eb3a092eb8') in 0.005606 seconds 
  Import took 0.096886 seconds .

========================================================================
Received Import Request.
  Time since last request: 8.830619 seconds.
  path: Assets/Prefabs
  artifactKey: Guid(7122ed6cf61e2744fbab252f1c47e6a7) Importer(815301076,1909f56bfc062723c751e8b465ee728b)
Start importing Assets/Prefabs using Guid(7122ed6cf61e2744fbab252f1c47e6a7) Importer(815301076,1909f56bfc062723c751e8b465ee728b)  -> (artifact id: '3c69ab237a45662beb8de7a7c846362b') in 0.005166 seconds 
  Import took 0.008234 seconds .

========================================================================
Received Import Request.
  Time since last request: 8.695348 seconds.
  path: Assets/Presets
  artifactKey: Guid(0f4637d9e1b197943b4d41a48fa71ae8) Importer(815301076,1909f56bfc062723c751e8b465ee728b)
Start importing Assets/Presets using Guid(0f4637d9e1b197943b4d41a48fa71ae8) Importer(815301076,1909f56bfc062723c751e8b465ee728b)  -> (artifact id: 'feae4fa814710965e612e80ab2fa5235') in 0.005396 seconds 
  Import took 0.008691 seconds .

========================================================================
Received Import Request.
  Time since last request: 0.000710 seconds.
  path: Assets/Presets
  artifactKey: Guid(0f4637d9e1b197943b4d41a48fa71ae8) Importer(815301076,1909f56bfc062723c751e8b465ee728b)
Start importing Assets/Presets using Guid(0f4637d9e1b197943b4d41a48fa71ae8) Importer(815301076,1909f56bfc062723c751e8b465ee728b)  -> (artifact id: 'feae4fa814710965e612e80ab2fa5235') in 0.001683 seconds 
  Import took 0.004360 seconds .

========================================================================
Received Import Request.
  Time since last request: 13.341546 seconds.
  path: Assets/Scripts
  artifactKey: Guid(e1d70a37b1ba96e4dacf76158e1af66a) Importer(815301076,1909f56bfc062723c751e8b465ee728b)
Start importing Assets/Scripts using Guid(e1d70a37b1ba96e4dacf76158e1af66a) Importer(815301076,1909f56bfc062723c751e8b465ee728b)  -> (artifact id: '6f0359e74fb1d2553170524f89b1d373') in 0.004801 seconds 
  Import took 0.007638 seconds .

========================================================================
Received Import Request.
  Time since last request: 12.292220 seconds.
  path: Assets/Textures
  artifactKey: Guid(69ab93a7ad9493f4c802a51af1094862) Importer(815301076,1909f56bfc062723c751e8b465ee728b)
Start importing Assets/Textures using Guid(69ab93a7ad9493f4c802a51af1094862) Importer(815301076,1909f56bfc062723c751e8b465ee728b)  -> (artifact id: '03bef5cf4a8f4ccab20fbb652740534a') in 0.005632 seconds 
  Import took 0.008595 seconds .

========================================================================
Received Import Request.
  Time since last request: 1.489098 seconds.
  path: Assets/Resources
  artifactKey: Guid(be44cec81e7aef8478c24f0fad6aa21b) Importer(815301076,1909f56bfc062723c751e8b465ee728b)
Start importing Assets/Resources using Guid(be44cec81e7aef8478c24f0fad6aa21b) Importer(815301076,1909f56bfc062723c751e8b465ee728b)  -> (artifact id: '176aefac4e2e65f75d1c20b6ecbfc80e') in 0.006203 seconds 
  Import took 0.017217 seconds .

========================================================================
Received Import Request.
  Time since last request: 230.917417 seconds.
  path: Assets/Models/Bobble Wars Marine texture.psd
  artifactKey: Guid(4395498532fc01c43a63f773dcd9f409) Importer(815301076,1909f56bfc062723c751e8b465ee728b)
Start importing Assets/Models/Bobble Wars Marine texture.psd using Guid(4395498532fc01c43a63f773dcd9f409) Importer(815301076,1909f56bfc062723c751e8b465ee728b)  -> (artifact id: 'e6a49039e56d9120a5f1c2796e255d7a') in 0.067332 seconds 
  Import took 0.070435 seconds .

========================================================================
Received Import Request.
  Time since last request: 0.000244 seconds.
  path: Assets/Models/BobbleMarine-Body.fbx
  artifactKey: Guid(96e23fb7ccb1355419528c2ba3aab1db) Importer(815301076,1909f56bfc062723c751e8b465ee728b)
Start importing Assets/Models/BobbleMarine-Body.fbx using Guid(96e23fb7ccb1355419528c2ba3aab1db) Importer(815301076,1909f56bfc062723c751e8b465ee728b)  -> (artifact id: '1497053452165970a415383f32eff547') in 0.464759 seconds 
  Import took 0.468241 seconds .

========================================================================
Received Import Request.
  Time since last request: 0.000293 seconds.
  path: Assets/Models/BobbleMarine-Head.fbx
  artifactKey: Guid(f780dd3b1ea1f054eac38b8bf93fa298) Importer(815301076,1909f56bfc062723c751e8b465ee728b)
Start importing Assets/Models/BobbleMarine-Head.fbx using Guid(f780dd3b1ea1f054eac38b8bf93fa298) Importer(815301076,1909f56bfc062723c751e8b465ee728b)  -> (artifact id: '5d9b9b3576274347fd6bf1ec8cdffe64') in 0.057889 seconds 
  Import took 0.061408 seconds .

========================================================================
Received Import Request.
  Time since last request: 78.143450 seconds.
  path: Assets/Models/BobbleMarine-Body.fbx
  artifactKey: Guid(96e23fb7ccb1355419528c2ba3aab1db) Importer(815301076,1909f56bfc062723c751e8b465ee728b)
Start importing Assets/Models/BobbleMarine-Body.fbx using Guid(96e23fb7ccb1355419528c2ba3aab1db) Importer(815301076,1909f56bfc062723c751e8b465ee728b)  -> (artifact id: '7fc284a5e89ed421ac70e812c23475a2') in 0.106402 seconds 
  Import took 0.109626 seconds .

========================================================================
Received Import Request.
  Time since last request: 0.000269 seconds.
  path: Assets/Models/BobbleMarine-Head.fbx
  artifactKey: Guid(f780dd3b1ea1f054eac38b8bf93fa298) Importer(815301076,1909f56bfc062723c751e8b465ee728b)
Start importing Assets/Models/BobbleMarine-Head.fbx using Guid(f780dd3b1ea1f054eac38b8bf93fa298) Importer(815301076,1909f56bfc062723c751e8b465ee728b)  -> (artifact id: '07f0460aede5418af42afbfe979b4cdc') in 0.049587 seconds 
  Import took 0.052189 seconds .

========================================================================
Received Prepare
Registering precompiled user dll's ...
Registered in 0.004921 seconds.
Begin MonoManager ReloadAssembly
Native extension for WindowsStandalone target not found
Refreshing native plugins compatible for Editor in 0.60 ms, found 2 plugins.
Preloading 0 native plugins for Editor in 0.00 ms.
Mono: successfully reloaded assembly
- Completed reload, in  1.136 seconds
Domain Reload Profiling:
	ReloadAssembly (1137ms)
		BeginReloadAssembly (120ms)
			ExecutionOrderSort (0ms)
			DisableScriptedObjects (5ms)
			BackupInstance (0ms)
			ReleaseScriptingObjects (0ms)
			CreateAndSetChildDomain (39ms)
		EndReloadAssembly (946ms)
			LoadAssemblies (102ms)
			RebuildTransferFunctionScriptingTraits (0ms)
			SetupTypeCache (279ms)
			ReleaseScriptCaches (1ms)
			RebuildScriptCaches (43ms)
			SetupLoadedEditorAssemblies (427ms)
				LogAssemblyErrors (0ms)
				InitializePlatformSupportModulesInManaged (5ms)
				SetLoadedEditorAssemblies (0ms)
				RefreshPlugins (1ms)
				BeforeProcessingInitializeOnLoad (86ms)
				ProcessInitializeOnLoadAttributes (291ms)
				ProcessInitializeOnLoadMethodAttributes (37ms)
				AfterProcessingInitializeOnLoad (6ms)
				EditorAssembliesLoaded (0ms)
			ExecutionOrderSort2 (0ms)
			AwakeInstancesAfterBackupRestoration (7ms)
Platform modules already initialized, skipping
Refreshing native plugins compatible for Editor in 0.65 ms, found 2 plugins.
Preloading 0 native plugins for Editor in 0.00 ms.
Unloading 1961 Unused Serialized files (Serialized files now loaded: 0)
System memory in use before: 84.9 MB.
System memory in use after: 85.0 MB.

Unloading 50 unused Assets to reduce memory usage. Loaded Objects now: 2418.
Total: 5.742800 ms (FindLiveObjects: 0.158900 ms CreateObjectMapping: 0.061400 ms MarkObjects: 5.491200 ms  DeleteObjects: 0.030400 ms)

AssetImportParameters requested are different than current active one (requested -> active):
  custom:framework-win-MediaFoundation: 216162199b28c13a410421893ffa2e32 -> 
  custom:video-decoder-ogg-theora: a1e56fd34408186e4bbccfd4996cb3dc -> 
  custom:container-muxer-webm: aa71ff27fc2769a1b78a27578f13a17b -> 
  custom:container-demuxer-webm: 4f35f7cbe854078d1ac9338744f61a02 -> 
  custom:container-demuxer-ogg: 62fdf1f143b41e24485cea50d1cbac27 -> 
  custom:video-encoder-webm-vp8: eb34c28f22e8b96e1ab97ce403110664 -> 
  custom:video-decoder-webm-vp8: 9c59270c3fd7afecdb556c50c9e8de78 -> 
  custom:audio-decoder-ogg-vorbis: bf7c407c2cedff20999df2af8eb42d56 -> 
  custom:audio-encoder-webm-vorbis: bf7c407c2cedff20999df2af8eb42d56 -> 
========================================================================
Received Import Request.
  Time since last request: 1118.569735 seconds.
  path: Assets/Models/BobbleArena-Collider.blend
  artifactKey: Guid(93576df0457ab4d6e83debcd94a50b3b) Importer(815301076,1909f56bfc062723c751e8b465ee728b)
Start importing Assets/Models/BobbleArena-Collider.blend using Guid(93576df0457ab4d6e83debcd94a50b3b) Importer(815301076,1909f56bfc062723c751e8b465ee728b)  -> (artifact id: 'f2e9878e0db3274d4c91220410818056') in 0.070854 seconds 
  Import took 0.073822 seconds .

========================================================================
Received Import Request.
  Time since last request: 0.000257 seconds.
  path: Assets/Models/BobbleEnemy-Head.fbx
  artifactKey: Guid(c62bb7c342d064be783edcee0d6a5064) Importer(815301076,1909f56bfc062723c751e8b465ee728b)
Start importing Assets/Models/BobbleEnemy-Head.fbx using Guid(c62bb7c342d064be783edcee0d6a5064) Importer(815301076,1909f56bfc062723c751e8b465ee728b)  -> (artifact id: '44eb852c9ad0e14d48194789ed46b388') in 0.030479 seconds 
  Import took 0.033423 seconds .

========================================================================
Received Import Request.
  Time since last request: 0.000311 seconds.
  path: Assets/Models/BobbleArena.blend
  artifactKey: Guid(7f78b096b427d419f9918e4ae4fc4aec) Importer(815301076,1909f56bfc062723c751e8b465ee728b)
Start importing Assets/Models/BobbleArena.blend using Guid(7f78b096b427d419f9918e4ae4fc4aec) Importer(815301076,1909f56bfc062723c751e8b465ee728b)  -> (artifact id: '3bea2f1a5ae28227e09547803fbea966') in 0.344086 seconds 
  Import took 0.347376 seconds .

========================================================================
Received Import Request.
  Time since last request: 0.000272 seconds.
  path: Assets/Models/BobbleEnemy-Body.blend
  artifactKey: Guid(7df968ec880694920bcb46964b9d62a4) Importer(815301076,1909f56bfc062723c751e8b465ee728b)
Start importing Assets/Models/BobbleEnemy-Body.blend using Guid(7df968ec880694920bcb46964b9d62a4) Importer(815301076,1909f56bfc062723c751e8b465ee728b)  -> (artifact id: '1c1d482fe80eff333840cb6be2d636cf') in 0.134806 seconds 
  Import took 0.137770 seconds .

========================================================================
Received Import Request.
  Time since last request: 0.000250 seconds.
  path: Assets/Models/Pickup.fbx
  artifactKey: Guid(596f17f5f6d5a433b9d367360ec103a9) Importer(815301076,1909f56bfc062723c751e8b465ee728b)
Start importing Assets/Models/Pickup.fbx using Guid(596f17f5f6d5a433b9d367360ec103a9) Importer(815301076,1909f56bfc062723c751e8b465ee728b)  -> (artifact id: 'a151ea6059c4904d66c9af4eca8dcfc1') in 0.024945 seconds 
  Import took 0.027647 seconds .

========================================================================
Received Import Request.
  Time since last request: 0.000235 seconds.
  path: Assets/Models/BobbleArena-Column.blend
  artifactKey: Guid(7efbd8df4f8f248a58d8a33c88abe034) Importer(815301076,1909f56bfc062723c751e8b465ee728b)
Start importing Assets/Models/BobbleArena-Column.blend using Guid(7efbd8df4f8f248a58d8a33c88abe034) Importer(815301076,1909f56bfc062723c751e8b465ee728b)  -> (artifact id: 'adbc6ecfad70ffa087784323ca48969c') in 0.044257 seconds 
  Import took 0.047151 seconds .

========================================================================
Received Import Request.
  Time since last request: 30.042122 seconds.
  path: Assets/Models/Materials
  artifactKey: Guid(1989d975edab2441580c755665b4b3a1) Importer(815301076,1909f56bfc062723c751e8b465ee728b)
Start importing Assets/Models/Materials using Guid(1989d975edab2441580c755665b4b3a1) Importer(815301076,1909f56bfc062723c751e8b465ee728b)  -> (artifact id: 'bb9513ca2f1ae7b0ebf81085a31d8d89') in 0.001596 seconds 
  Import took 0.004813 seconds .

========================================================================
Received Import Request.
  Time since last request: 12.795425 seconds.
  path: Assets/Models/Models
  artifactKey: Guid(1989d975edab2441580c755665b4b3a1) Importer(815301076,1909f56bfc062723c751e8b465ee728b)
Start importing Assets/Models/Models using Guid(1989d975edab2441580c755665b4b3a1) Importer(815301076,1909f56bfc062723c751e8b465ee728b)  -> (artifact id: '673f3e934203e322fd050505a7a2e228') in 0.001599 seconds 
  Import took 0.004411 seconds .

AssetImportWorkerClient::OnTransportError - code=2 error=End of file
